<?xml version="1.0" encoding="UTF-8"?>
<!-- Generated by org.testng.reporters.JUnitReportReporter -->
<testsuite skipped="0" hostname="DESKTOP-0ADFHDL" name="tsOneWayFlight.oneWayFlightPassengers" tests="1" failures="0" timestamp="30 Sep 2021 19:13:04 GMT" time="4.503" errors="0">
  <testcase name="TC21" time="4.503" classname="tsOneWayFlight.oneWayFlightPassengers"/>
</testsuite> <!-- tsOneWayFlight.oneWayFlightPassengers -->
