<?xml version="1.0" encoding="UTF-8"?>
<!-- Generated by org.testng.reporters.JUnitReportReporter -->
<testsuite skipped="0" hostname="DESKTOP-0ADFHDL" name="signUpTS.signUpTC" tests="11" failures="0" timestamp="04 Oct 2021 14:39:12 GMT" time="44.869" errors="0">
  <testcase name="testUrl" time="2.915" classname="signUpTS.signUpTC"/>
  <testcase name="NoNumber" time="0.523" classname="signUpTS.signUpTC"/>
  <testcase name="Invalid10Digit" time="0.570" classname="signUpTS.signUpTC"/>
  <testcase name="InvalidNumberAlphabets" time="0.651" classname="signUpTS.signUpTC"/>
  <testcase name="InvalidNumberSpecialChar" time="0.464" classname="signUpTS.signUpTC"/>
  <testcase name="InvalidNumber" time="0.491" classname="signUpTS.signUpTC"/>
  <testcase name="InvalidOTP" time="13.545" classname="signUpTS.signUpTC"/>
  <testcase name="InvalidNameWithNumbers" time="19.078" classname="signUpTS.signUpTC"/>
  <testcase name="InvalidNameWithSpecialChar" time="0.402" classname="signUpTS.signUpTC"/>
  <testcase name="InvalidEmail" time="0.400" classname="signUpTS.signUpTC"/>
  <testcase name="ValidCredentials" time="5.830" classname="signUpTS.signUpTC"/>
</testsuite> <!-- signUpTS.signUpTC -->
