<?xml version="1.0" encoding="UTF-8"?>
<!-- Generated by org.testng.reporters.JUnitReportReporter -->
<testsuite skipped="0" hostname="DESKTOP-0ADFHDL" name="tsOneWayFlight.oneWayFlightTC" tests="12" failures="0" timestamp="01 Oct 2021 07:17:45 GMT" time="25.091" errors="0">
  <testcase name="testUrl" time="3.137" classname="tsOneWayFlight.oneWayFlightTC"/>
  <testcase name="TC18" time="0.409" classname="tsOneWayFlight.oneWayFlightTC"/>
  <testcase name="TC19" time="0.894" classname="tsOneWayFlight.oneWayFlightTC"/>
  <testcase name="TC20" time="0.814" classname="tsOneWayFlight.oneWayFlightTC"/>
  <testcase name="TC23" time="3.657" classname="tsOneWayFlight.oneWayFlightTC"/>
  <testcase name="TC24" time="0.598" classname="tsOneWayFlight.oneWayFlightTC"/>
  <testcase name="TC25" time="0.369" classname="tsOneWayFlight.oneWayFlightTC"/>
  <testcase name="TC26" time="0.649" classname="tsOneWayFlight.oneWayFlightTC"/>
  <testcase name="TC27" time="0.447" classname="tsOneWayFlight.oneWayFlightTC"/>
  <testcase name="TC28" time="0.427" classname="tsOneWayFlight.oneWayFlightTC"/>
  <testcase name="TC29" time="0.357" classname="tsOneWayFlight.oneWayFlightTC"/>
  <testcase name="TC30" time="13.333" classname="tsOneWayFlight.oneWayFlightTC"/>
</testsuite> <!-- tsOneWayFlight.oneWayFlightTC -->
