<?xml version="1.0" encoding="UTF-8"?>
<!-- Generated by org.testng.reporters.JUnitReportReporter -->
<testsuite skipped="0" hostname="DESKTOP-0ADFHDL" name="tsOneWayFlight.oneWayFlightTC" tests="12" failures="0" timestamp="04 Oct 2021 04:26:21 GMT" time="20.152" errors="0">
  <testcase name="testUrl" time="2.925" classname="tsOneWayFlight.oneWayFlightTC"/>
  <testcase name="TC18" time="0.414" classname="tsOneWayFlight.oneWayFlightTC"/>
  <testcase name="TC19" time="0.657" classname="tsOneWayFlight.oneWayFlightTC"/>
  <testcase name="TC20" time="0.461" classname="tsOneWayFlight.oneWayFlightTC"/>
  <testcase name="TC23" time="2.837" classname="tsOneWayFlight.oneWayFlightTC"/>
  <testcase name="TC24" time="0.201" classname="tsOneWayFlight.oneWayFlightTC"/>
  <testcase name="TC25" time="0.293" classname="tsOneWayFlight.oneWayFlightTC"/>
  <testcase name="TC26" time="0.289" classname="tsOneWayFlight.oneWayFlightTC"/>
  <testcase name="TC27" time="0.310" classname="tsOneWayFlight.oneWayFlightTC"/>
  <testcase name="TC28" time="0.310" classname="tsOneWayFlight.oneWayFlightTC"/>
  <testcase name="TC29" time="0.238" classname="tsOneWayFlight.oneWayFlightTC"/>
  <testcase name="TC30" time="11.217" classname="tsOneWayFlight.oneWayFlightTC"/>
</testsuite> <!-- tsOneWayFlight.oneWayFlightTC -->
