<?xml version="1.0" encoding="UTF-8"?>
<!-- Generated by org.testng.reporters.JUnitReportReporter -->
<testsuite skipped="0" hostname="DESKTOP-0ADFHDL" name="tsOneWayFlight.Passengers2" tests="1" failures="0" timestamp="30 Sep 2021 19:19:26 GMT" time="4.096" errors="0">
  <testcase name="TC22" time="4.096" classname="tsOneWayFlight.Passengers2"/>
</testsuite> <!-- tsOneWayFlight.Passengers2 -->
