<?xml version="1.0" encoding="UTF-8"?>
<!-- Generated by org.testng.reporters.JUnitReportReporter -->
<testsuite skipped="0" hostname="DESKTOP-0ADFHDL" name="tsOneWayFlight.oneWayFlightPassengers" tests="1" failures="0" timestamp="04 Oct 2021 04:26:21 GMT" time="3.717" errors="0">
  <testcase name="TC21" time="3.717" classname="tsOneWayFlight.oneWayFlightPassengers"/>
</testsuite> <!-- tsOneWayFlight.oneWayFlightPassengers -->
