<?xml version="1.0" encoding="UTF-8"?>
<!-- Generated by org.testng.reporters.JUnitReportReporter -->
<testsuite skipped="0" hostname="DESKTOP-0ADFHDL" name="tsOneWayFlight.oneWayFlightTC" tests="12" failures="0" timestamp="01 Oct 2021 05:07:39 GMT" time="18.579" errors="0">
  <testcase name="testUrl" time="2.647" classname="tsOneWayFlight.oneWayFlightTC"/>
  <testcase name="TC18" time="0.283" classname="tsOneWayFlight.oneWayFlightTC"/>
  <testcase name="TC19" time="0.647" classname="tsOneWayFlight.oneWayFlightTC"/>
  <testcase name="TC20" time="0.449" classname="tsOneWayFlight.oneWayFlightTC"/>
  <testcase name="TC23" time="2.673" classname="tsOneWayFlight.oneWayFlightTC"/>
  <testcase name="TC24" time="0.202" classname="tsOneWayFlight.oneWayFlightTC"/>
  <testcase name="TC25" time="0.220" classname="tsOneWayFlight.oneWayFlightTC"/>
  <testcase name="TC26" time="0.308" classname="tsOneWayFlight.oneWayFlightTC"/>
  <testcase name="TC27" time="0.267" classname="tsOneWayFlight.oneWayFlightTC"/>
  <testcase name="TC28" time="0.272" classname="tsOneWayFlight.oneWayFlightTC"/>
  <testcase name="TC29" time="0.242" classname="tsOneWayFlight.oneWayFlightTC"/>
  <testcase name="TC30" time="10.369" classname="tsOneWayFlight.oneWayFlightTC"/>
</testsuite> <!-- tsOneWayFlight.oneWayFlightTC -->
