<?xml version="1.0" encoding="UTF-8"?>
<!-- Generated by org.testng.reporters.JUnitReportReporter -->
<testsuite skipped="0" hostname="DESKTOP-0ADFHDL" name="loginTs.loginTC" tests="8" failures="0" timestamp="01 Oct 2021 18:44:26 GMT" time="39.761" errors="0">
  <testcase name="testUrl" time="2.853" classname="loginTs.loginTC"/>
  <testcase name="TC03" time="1.081" classname="loginTs.loginTC"/>
  <testcase name="TC04" time="0.533" classname="loginTs.loginTC"/>
  <testcase name="TC05" time="0.457" classname="loginTs.loginTC"/>
  <testcase name="TC06" time="0.261" classname="loginTs.loginTC"/>
  <testcase name="TC07" time="0.460" classname="loginTs.loginTC"/>
  <testcase name="TC02" time="14.567" classname="loginTs.loginTC"/>
  <testcase name="TC01" time="19.549" classname="loginTs.loginTC"/>
</testsuite> <!-- loginTs.loginTC -->
