<?xml version="1.0" encoding="UTF-8"?>
<!-- Generated by org.testng.reporters.JUnitReportReporter -->
<testsuite skipped="0" hostname="DESKTOP-0ADFHDL" name="loginTs.loginTC" tests="8" failures="0" timestamp="04 Oct 2021 14:30:32 GMT" time="42.586" errors="0">
  <testcase name="testUrl" time="3.287" classname="loginTs.loginTC"/>
  <testcase name="InvalidNumber" time="0.830" classname="loginTs.loginTC"/>
  <testcase name="InvalidNumberAlphabets" time="0.576" classname="loginTs.loginTC"/>
  <testcase name="InvalidNumberSpecialChar" time="0.629" classname="loginTs.loginTC"/>
  <testcase name="NoNumber" time="0.228" classname="loginTs.loginTC"/>
  <testcase name="InvalidNumber2" time="0.444" classname="loginTs.loginTC"/>
  <testcase name="InvalidOTP" time="11.340" classname="loginTs.loginTC"/>
  <testcase name="ValidOTP" time="25.252" classname="loginTs.loginTC"/>
</testsuite> <!-- loginTs.loginTC -->
