<?xml version="1.0" encoding="UTF-8"?>
<!-- Generated by org.testng.reporters.JUnitReportReporter -->
<testsuite skipped="0" hostname="DESKTOP-0ADFHDL" name="loginTs.loginTC" tests="2" failures="0" timestamp="30 Sep 2021 11:49:24 GMT" time="4.340" errors="0">
  <testcase name="testUrl" time="2.744" classname="loginTs.loginTC"/>
  <testcase name="TC01" time="1.596" classname="loginTs.loginTC"/>
</testsuite> <!-- loginTs.loginTC -->
