<?xml version="1.0" encoding="UTF-8"?>
<!-- Generated by org.testng.reporters.JUnitReportReporter -->
<testsuite skipped="0" hostname="DESKTOP-0ADFHDL" name="tsOneWayFlight.oneWayFlightTC" tests="12" failures="0" timestamp="04 Oct 2021 14:06:56 GMT" time="21.184" errors="0">
  <testcase name="testUrl" time="2.935" classname="tsOneWayFlight.oneWayFlightTC"/>
  <testcase name="NoFromAndNoTo" time="0.338" classname="tsOneWayFlight.oneWayFlightTC"/>
  <testcase name="NoDestination" time="0.714" classname="tsOneWayFlight.oneWayFlightTC"/>
  <testcase name="NoDate" time="0.727" classname="tsOneWayFlight.oneWayFlightTC"/>
  <testcase name="NoInsuranceSelected" time="3.633" classname="tsOneWayFlight.oneWayFlightTC"/>
  <testcase name="NoName" time="0.619" classname="tsOneWayFlight.oneWayFlightTC"/>
  <testcase name="NoEmail" time="0.655" classname="tsOneWayFlight.oneWayFlightTC"/>
  <testcase name="NoTitle" time="0.373" classname="tsOneWayFlight.oneWayFlightTC"/>
  <testcase name="InvalidEmail" time="0.407" classname="tsOneWayFlight.oneWayFlightTC"/>
  <testcase name="NoNumber" time="0.417" classname="tsOneWayFlight.oneWayFlightTC"/>
  <testcase name="InvalidNumber" time="0.414" classname="tsOneWayFlight.oneWayFlightTC"/>
  <testcase name="ValidNumber" time="9.952" classname="tsOneWayFlight.oneWayFlightTC"/>
</testsuite> <!-- tsOneWayFlight.oneWayFlightTC -->
