<?xml version="1.0" encoding="UTF-8"?>
<!-- Generated by org.testng.reporters.JUnitReportReporter -->
<testsuite skipped="0" hostname="DESKTOP-0ADFHDL" name="loginTs.loginTC" tests="2" failures="0" timestamp="30 Sep 2021 11:07:17 GMT" time="3.324" errors="0">
  <testcase name="testUrl" time="2.662" classname="loginTs.loginTC"/>
  <testcase name="TC01" time="0.662" classname="loginTs.loginTC"/>
</testsuite> <!-- loginTs.loginTC -->
