<?xml version="1.0" encoding="UTF-8"?>
<!-- Generated by org.testng.reporters.JUnitReportReporter -->
<testsuite skipped="0" hostname="DESKTOP-0ADFHDL" name="tsOneWayFlight.oneWayFlightPassengers" tests="1" failures="0" timestamp="01 Oct 2021 07:17:09 GMT" time="7.157" errors="0">
  <testcase name="TC21" time="7.157" classname="tsOneWayFlight.oneWayFlightPassengers"/>
</testsuite> <!-- tsOneWayFlight.oneWayFlightPassengers -->
