<?xml version="1.0" encoding="UTF-8"?>
<!-- Generated by org.testng.reporters.JUnitReportReporter -->
<testsuite skipped="0" hostname="DESKTOP-0ADFHDL" name="tsOneWayFlight.Passengers2" tests="1" failures="0" timestamp="04 Oct 2021 04:26:21 GMT" time="3.118" errors="0">
  <testcase name="TC22" time="3.118" classname="tsOneWayFlight.Passengers2"/>
</testsuite> <!-- tsOneWayFlight.Passengers2 -->
